2022-09-16 15:40:05,513 INFO org.springframework.orm.jpa.AbstractEntityManagerFactoryBean [Thread-103] Closing JPA EntityManagerFactory for persistence unit 'default'
2022-09-16 15:40:05,518 INFO com.zaxxer.hikari.HikariDataSource [Thread-103] HikariPool-26 - Shutdown initiated...
2022-09-16 15:40:05,521 INFO com.zaxxer.hikari.HikariDataSource [Thread-103] HikariPool-26 - Shutdown completed.
2022-09-16 15:40:05,594 INFO org.springframework.boot.StartupInfoLogger [restartedMain] Starting DemoApplication using Java 18.0.1 on CPX-43U8JL8QKRI with PID 23856 (C:\Users\m.thanaphairin\IdeaProjects\demo\target\classes started by m.thanaphairin in C:\Users\m.thanaphairin\IdeaProjects\demo)
2022-09-16 15:40:05,594 DEBUG org.springframework.boot.StartupInfoLogger [restartedMain] Running with Spring Boot v2.7.3, Spring v5.3.22
2022-09-16 15:40:05,595 INFO org.springframework.boot.SpringApplication [restartedMain] No active profile set, falling back to 1 default profile: "default"
2022-09-16 15:40:05,709 INFO org.springframework.data.repository.config.RepositoryConfigurationDelegate [restartedMain] Bootstrapping Spring Data JPA repositories in DEFAULT mode.
2022-09-16 15:40:05,710 INFO org.springframework.data.repository.config.RepositoryConfigurationDelegate [restartedMain] Finished Spring Data repository scanning in 0 ms. Found 0 JPA repository interfaces.
2022-09-16 15:40:05,763 INFO org.springframework.boot.web.embedded.tomcat.TomcatWebServer [restartedMain] Tomcat initialized with port(s): 8090 (http)
2022-09-16 15:40:05,763 INFO org.apache.juli.logging.DirectJDKLog [restartedMain] Starting service [Tomcat]
2022-09-16 15:40:05,763 INFO org.apache.juli.logging.DirectJDKLog [restartedMain] Starting Servlet engine: [Apache Tomcat/9.0.65]
2022-09-16 15:40:05,786 INFO org.apache.juli.logging.DirectJDKLog [restartedMain] Initializing Spring embedded WebApplicationContext
2022-09-16 15:40:05,786 INFO org.springframework.boot.web.servlet.context.ServletWebServerApplicationContext [restartedMain] Root WebApplicationContext: initialization completed in 190 ms
2022-09-16 15:40:05,802 INFO org.hibernate.jpa.internal.util.LogHelper [restartedMain] HHH000204: Processing PersistenceUnitInfo [name: default]
2022-09-16 15:40:05,805 INFO com.zaxxer.hikari.HikariDataSource [restartedMain] HikariPool-27 - Starting...
2022-09-16 15:40:05,808 INFO com.zaxxer.hikari.HikariDataSource [restartedMain] HikariPool-27 - Start completed.
2022-09-16 15:40:05,809 INFO org.hibernate.dialect.Dialect [restartedMain] HHH000400: Using dialect: org.hibernate.dialect.MySQL8Dialect
2022-09-16 15:40:05,830 INFO org.hibernate.engine.transaction.jta.platform.internal.JtaPlatformInitiator [restartedMain] HHH000490: Using JtaPlatform implementation: [org.hibernate.engine.transaction.jta.platform.internal.NoJtaPlatform]
2022-09-16 15:40:05,830 INFO org.springframework.orm.jpa.AbstractEntityManagerFactoryBean [restartedMain] Initialized JPA EntityManagerFactory for persistence unit 'default'
2022-09-16 15:40:05,840 WARN org.springframework.boot.autoconfigure.orm.jpa.JpaBaseConfiguration$JpaWebConfiguration [restartedMain] spring.jpa.open-in-view is enabled by default. Therefore, database queries may be performed during view rendering. Explicitly configure spring.jpa.open-in-view to disable this warning
2022-09-16 15:40:05,906 INFO org.springframework.boot.devtools.autoconfigure.OptionalLiveReloadServer [restartedMain] LiveReload server is running on port 35729
2022-09-16 15:40:05,912 INFO org.springframework.boot.web.embedded.tomcat.TomcatWebServer [restartedMain] Tomcat started on port(s): 8090 (http) with context path ''
2022-09-16 15:40:05,914 INFO org.springframework.boot.StartupInfoLogger [restartedMain] Started DemoApplication in 0.346 seconds (JVM running for 6936.432)
2022-09-16 15:40:05,915 INFO org.springframework.boot.devtools.autoconfigure.ConditionEvaluationDeltaLoggingListener [restartedMain] Condition evaluation unchanged
2022-09-16 15:40:08,349 INFO org.springframework.boot.devtools.autoconfigure.LocalDevToolsAutoConfiguration$RestartingClassPathChangeChangedEventListener [File Watcher] Restarting due to 15 class path changes (15 additions, 0 deletions, 0 modifications)
2022-09-16 15:40:08,356 INFO org.apache.juli.logging.DirectJDKLog [Thread-107] Stopping service [Tomcat]
2022-09-16 15:40:08,358 INFO org.springframework.orm.jpa.AbstractEntityManagerFactoryBean [Thread-107] Closing JPA EntityManagerFactory for persistence unit 'default'
2022-09-16 15:40:08,359 INFO com.zaxxer.hikari.HikariDataSource [Thread-107] HikariPool-27 - Shutdown initiated...
2022-09-16 15:40:08,361 INFO com.zaxxer.hikari.HikariDataSource [Thread-107] HikariPool-27 - Shutdown completed.
2022-09-16 15:40:08,424 INFO org.springframework.boot.StartupInfoLogger [restartedMain] Starting DemoApplication using Java 18.0.1 on CPX-43U8JL8QKRI with PID 23856 (C:\Users\m.thanaphairin\IdeaProjects\demo\target\classes started by m.thanaphairin in C:\Users\m.thanaphairin\IdeaProjects\demo)
2022-09-16 15:40:08,425 DEBUG org.springframework.boot.StartupInfoLogger [restartedMain] Running with Spring Boot v2.7.3, Spring v5.3.22
2022-09-16 15:40:08,425 INFO org.springframework.boot.SpringApplication [restartedMain] No active profile set, falling back to 1 default profile: "default"
2022-09-16 15:40:08,531 INFO org.springframework.data.repository.config.RepositoryConfigurationDelegate [restartedMain] Bootstrapping Spring Data JPA repositories in DEFAULT mode.
2022-09-16 15:40:08,547 INFO org.springframework.data.repository.config.RepositoryConfigurationDelegate [restartedMain] Finished Spring Data repository scanning in 15 ms. Found 1 JPA repository interfaces.
2022-09-16 15:40:08,600 INFO org.springframework.boot.web.embedded.tomcat.TomcatWebServer [restartedMain] Tomcat initialized with port(s): 8090 (http)
2022-09-16 15:40:08,601 INFO org.apache.juli.logging.DirectJDKLog [restartedMain] Starting service [Tomcat]
2022-09-16 15:40:08,601 INFO org.apache.juli.logging.DirectJDKLog [restartedMain] Starting Servlet engine: [Apache Tomcat/9.0.65]
2022-09-16 15:40:08,624 INFO org.apache.juli.logging.DirectJDKLog [restartedMain] Initializing Spring embedded WebApplicationContext
2022-09-16 15:40:08,624 INFO org.springframework.boot.web.servlet.context.ServletWebServerApplicationContext [restartedMain] Root WebApplicationContext: initialization completed in 198 ms
2022-09-16 15:40:08,643 INFO org.hibernate.jpa.internal.util.LogHelper [restartedMain] HHH000204: Processing PersistenceUnitInfo [name: default]
2022-09-16 15:40:08,646 INFO com.zaxxer.hikari.HikariDataSource [restartedMain] HikariPool-28 - Starting...
2022-09-16 15:40:08,650 INFO com.zaxxer.hikari.HikariDataSource [restartedMain] HikariPool-28 - Start completed.
2022-09-16 15:40:08,650 INFO org.hibernate.dialect.Dialect [restartedMain] HHH000400: Using dialect: org.hibernate.dialect.MySQL8Dialect
2022-09-16 15:40:08,671 INFO org.hibernate.engine.transaction.jta.platform.internal.JtaPlatformInitiator [restartedMain] HHH000490: Using JtaPlatform implementation: [org.hibernate.engine.transaction.jta.platform.internal.NoJtaPlatform]
2022-09-16 15:40:08,672 INFO org.springframework.orm.jpa.AbstractEntityManagerFactoryBean [restartedMain] Initialized JPA EntityManagerFactory for persistence unit 'default'
2022-09-16 15:40:08,734 WARN org.springframework.boot.autoconfigure.orm.jpa.JpaBaseConfiguration$JpaWebConfiguration [restartedMain] spring.jpa.open-in-view is enabled by default. Therefore, database queries may be performed during view rendering. Explicitly configure spring.jpa.open-in-view to disable this warning
2022-09-16 15:40:08,837 INFO org.springframework.boot.devtools.autoconfigure.OptionalLiveReloadServer [restartedMain] LiveReload server is running on port 35729
2022-09-16 15:40:08,846 INFO org.springframework.boot.web.embedded.tomcat.TomcatWebServer [restartedMain] Tomcat started on port(s): 8090 (http) with context path ''
2022-09-16 15:40:08,847 INFO org.springframework.boot.StartupInfoLogger [restartedMain] Started DemoApplication in 0.44 seconds (JVM running for 6939.365)
2022-09-16 15:40:08,848 INFO org.springframework.boot.devtools.autoconfigure.ConditionEvaluationDeltaLoggingListener [restartedMain] Condition evaluation unchanged
2022-09-16 15:40:12,724 INFO org.apache.juli.logging.DirectJDKLog [http-nio-8090-exec-2] Initializing Spring DispatcherServlet 'dispatcherServlet'
2022-09-16 15:40:12,749 INFO com.testAPI.demo.service.EmployeeServiceImpl [http-nio-8090-exec-2] Create Employee id : 32
2022-09-16 15:40:24,319 ERROR com.testAPI.demo.service.EmployeeServiceImpl [http-nio-8090-exec-3] com.testAPI.demo.service.EmployeeServiceImpl can not find id : 18
2022-09-16 15:40:24,320 ERROR com.testAPI.demo.service.EmployeeServiceImpl [http-nio-8090-exec-3] Exception in com.testAPI.demo.service.EmployeeServiceImpl : can not find id : 18
2022-09-16 15:40:35,929 ERROR com.testAPI.demo.service.EmployeeServiceImpl [http-nio-8090-exec-4] com.testAPI.demo.service.EmployeeServiceImpl can not find id : 18
2022-09-16 15:40:35,929 ERROR com.testAPI.demo.service.EmployeeServiceImpl [http-nio-8090-exec-4] Exception in com.testAPI.demo.service.EmployeeServiceImpl : can not find id : 18
2022-09-16 15:40:36,790 ERROR com.testAPI.demo.service.EmployeeServiceImpl [http-nio-8090-exec-5] com.testAPI.demo.service.EmployeeServiceImpl can not find id : 18
2022-09-16 15:40:36,790 ERROR com.testAPI.demo.service.EmployeeServiceImpl [http-nio-8090-exec-5] Exception in com.testAPI.demo.service.EmployeeServiceImpl : can not find id : 18
2022-09-16 15:40:37,483 ERROR com.testAPI.demo.service.EmployeeServiceImpl [http-nio-8090-exec-6] com.testAPI.demo.service.EmployeeServiceImpl can not find id : 18
2022-09-16 15:40:37,483 ERROR com.testAPI.demo.service.EmployeeServiceImpl [http-nio-8090-exec-6] Exception in com.testAPI.demo.service.EmployeeServiceImpl : can not find id : 18
2022-09-16 15:40:38,144 ERROR com.testAPI.demo.service.EmployeeServiceImpl [http-nio-8090-exec-7] com.testAPI.demo.service.EmployeeServiceImpl can not find id : 18
2022-09-16 15:40:38,145 ERROR com.testAPI.demo.service.EmployeeServiceImpl [http-nio-8090-exec-7] Exception in com.testAPI.demo.service.EmployeeServiceImpl : can not find id : 18
2022-09-16 15:41:17,179 INFO com.testAPI.demo.service.EmployeeServiceImpl [http-nio-8090-exec-8] Get Employee id : 1
2022-09-16 15:41:18,101 INFO com.testAPI.demo.service.EmployeeServiceImpl [http-nio-8090-exec-9] Get Employee id : 1
2022-09-16 15:41:18,554 INFO com.testAPI.demo.service.EmployeeServiceImpl [http-nio-8090-exec-10] Get Employee id : 1
2022-09-16 15:41:19,011 INFO com.testAPI.demo.service.EmployeeServiceImpl [http-nio-8090-exec-1] Get Employee id : 1
2022-09-16 15:41:19,384 INFO com.testAPI.demo.service.EmployeeServiceImpl [http-nio-8090-exec-2] Get Employee id : 1
2022-09-16 15:41:20,022 INFO com.testAPI.demo.service.EmployeeServiceImpl [http-nio-8090-exec-3] Get Employee id : 1
2022-09-16 15:41:51,118 INFO org.springframework.orm.jpa.AbstractEntityManagerFactoryBean [SpringApplicationShutdownHook] Closing JPA EntityManagerFactory for persistence unit 'default'
2022-09-16 15:41:51,118 INFO com.zaxxer.hikari.HikariDataSource [SpringApplicationShutdownHook] HikariPool-28 - Shutdown initiated...
2022-09-16 15:41:51,121 INFO com.zaxxer.hikari.HikariDataSource [SpringApplicationShutdownHook] HikariPool-28 - Shutdown completed.
