2022-09-16 15:33:45,059 INFO org.springframework.boot.devtools.autoconfigure.LocalDevToolsAutoConfiguration$RestartingClassPathChangeChangedEventListener [File Watcher] Restarting due to 15 class path changes (15 additions, 0 deletions, 0 modifications)
2022-09-16 15:33:45,078 INFO org.apache.juli.logging.DirectJDKLog [Thread-83] Stopping service [Tomcat]
2022-09-16 15:33:45,082 INFO org.springframework.orm.jpa.AbstractEntityManagerFactoryBean [Thread-83] Closing JPA EntityManagerFactory for persistence unit 'default'
2022-09-16 15:33:45,083 INFO com.zaxxer.hikari.HikariDataSource [Thread-83] HikariPool-21 - Shutdown initiated...
2022-09-16 15:33:45,085 INFO com.zaxxer.hikari.HikariDataSource [Thread-83] HikariPool-21 - Shutdown completed.
2022-09-16 15:33:45,192 INFO org.springframework.boot.StartupInfoLogger [restartedMain] Starting DemoApplication using Java 18.0.1 on CPX-43U8JL8QKRI with PID 23856 (C:\Users\m.thanaphairin\IdeaProjects\demo\target\classes started by m.thanaphairin in C:\Users\m.thanaphairin\IdeaProjects\demo)
2022-09-16 15:33:45,192 DEBUG org.springframework.boot.StartupInfoLogger [restartedMain] Running with Spring Boot v2.7.3, Spring v5.3.22
2022-09-16 15:33:45,192 INFO org.springframework.boot.SpringApplication [restartedMain] No active profile set, falling back to 1 default profile: "default"
2022-09-16 15:33:45,341 INFO org.springframework.data.repository.config.RepositoryConfigurationDelegate [restartedMain] Bootstrapping Spring Data JPA repositories in DEFAULT mode.
2022-09-16 15:33:45,352 INFO org.springframework.data.repository.config.RepositoryConfigurationDelegate [restartedMain] Finished Spring Data repository scanning in 11 ms. Found 1 JPA repository interfaces.
2022-09-16 15:33:45,410 INFO org.springframework.boot.web.embedded.tomcat.TomcatWebServer [restartedMain] Tomcat initialized with port(s): 8090 (http)
2022-09-16 15:33:45,411 INFO org.apache.juli.logging.DirectJDKLog [restartedMain] Starting service [Tomcat]
2022-09-16 15:33:45,411 INFO org.apache.juli.logging.DirectJDKLog [restartedMain] Starting Servlet engine: [Apache Tomcat/9.0.65]
2022-09-16 15:33:45,441 INFO org.apache.juli.logging.DirectJDKLog [restartedMain] Initializing Spring embedded WebApplicationContext
2022-09-16 15:33:45,442 INFO org.springframework.boot.web.servlet.context.ServletWebServerApplicationContext [restartedMain] Root WebApplicationContext: initialization completed in 248 ms
2022-09-16 15:33:45,466 INFO org.hibernate.jpa.internal.util.LogHelper [restartedMain] HHH000204: Processing PersistenceUnitInfo [name: default]
2022-09-16 15:33:45,470 INFO com.zaxxer.hikari.HikariDataSource [restartedMain] HikariPool-22 - Starting...
2022-09-16 15:33:45,474 INFO com.zaxxer.hikari.HikariDataSource [restartedMain] HikariPool-22 - Start completed.
2022-09-16 15:33:45,474 INFO org.hibernate.dialect.Dialect [restartedMain] HHH000400: Using dialect: org.hibernate.dialect.MySQL8Dialect
2022-09-16 15:33:45,500 INFO org.hibernate.engine.transaction.jta.platform.internal.JtaPlatformInitiator [restartedMain] HHH000490: Using JtaPlatform implementation: [org.hibernate.engine.transaction.jta.platform.internal.NoJtaPlatform]
