2022-09-16 15:35:58,008 INFO org.springframework.boot.devtools.autoconfigure.LocalDevToolsAutoConfiguration$RestartingClassPathChangeChangedEventListener [File Watcher] Restarting due to 15 class path changes (15 additions, 0 deletions, 0 modifications)
2022-09-16 15:35:58,031 INFO org.apache.juli.logging.DirectJDKLog [Thread-99] Stopping service [Tomcat]
2022-09-16 15:35:58,034 INFO org.springframework.orm.jpa.AbstractEntityManagerFactoryBean [Thread-99] Closing JPA EntityManagerFactory for persistence unit 'default'
2022-09-16 15:35:58,034 INFO com.zaxxer.hikari.HikariDataSource [Thread-99] HikariPool-25 - Shutdown initiated...
2022-09-16 15:35:58,037 INFO com.zaxxer.hikari.HikariDataSource [Thread-99] HikariPool-25 - Shutdown completed.
2022-09-16 15:35:58,122 INFO org.springframework.boot.StartupInfoLogger [restartedMain] Starting DemoApplication using Java 18.0.1 on CPX-43U8JL8QKRI with PID 23856 (C:\Users\m.thanaphairin\IdeaProjects\demo\target\classes started by m.thanaphairin in C:\Users\m.thanaphairin\IdeaProjects\demo)
2022-09-16 15:35:58,123 DEBUG org.springframework.boot.StartupInfoLogger [restartedMain] Running with Spring Boot v2.7.3, Spring v5.3.22
2022-09-16 15:35:58,123 INFO org.springframework.boot.SpringApplication [restartedMain] No active profile set, falling back to 1 default profile: "default"
2022-09-16 15:35:58,330 INFO org.springframework.data.repository.config.RepositoryConfigurationDelegate [restartedMain] Bootstrapping Spring Data JPA repositories in DEFAULT mode.
2022-09-16 15:35:58,350 INFO org.springframework.data.repository.config.RepositoryConfigurationDelegate [restartedMain] Finished Spring Data repository scanning in 19 ms. Found 1 JPA repository interfaces.
2022-09-16 15:35:58,434 INFO org.springframework.boot.web.embedded.tomcat.TomcatWebServer [restartedMain] Tomcat initialized with port(s): 8090 (http)
2022-09-16 15:35:58,435 INFO org.apache.juli.logging.DirectJDKLog [restartedMain] Starting service [Tomcat]
2022-09-16 15:35:58,435 INFO org.apache.juli.logging.DirectJDKLog [restartedMain] Starting Servlet engine: [Apache Tomcat/9.0.65]
2022-09-16 15:35:58,473 INFO org.apache.juli.logging.DirectJDKLog [restartedMain] Initializing Spring embedded WebApplicationContext
2022-09-16 15:35:58,473 INFO org.springframework.boot.web.servlet.context.ServletWebServerApplicationContext [restartedMain] Root WebApplicationContext: initialization completed in 347 ms
2022-09-16 15:35:58,502 INFO org.hibernate.jpa.internal.util.LogHelper [restartedMain] HHH000204: Processing PersistenceUnitInfo [name: default]
2022-09-16 15:35:58,508 INFO com.zaxxer.hikari.HikariDataSource [restartedMain] HikariPool-26 - Starting...
2022-09-16 15:35:58,512 INFO com.zaxxer.hikari.HikariDataSource [restartedMain] HikariPool-26 - Start completed.
2022-09-16 15:35:58,513 INFO org.hibernate.dialect.Dialect [restartedMain] HHH000400: Using dialect: org.hibernate.dialect.MySQL8Dialect
2022-09-16 15:35:58,549 INFO org.hibernate.engine.transaction.jta.platform.internal.JtaPlatformInitiator [restartedMain] HHH000490: Using JtaPlatform implementation: [org.hibernate.engine.transaction.jta.platform.internal.NoJtaPlatform]
